<?xml version="1.0" encoding="UTF-8"?>
<!-- Generated by org.testng.reporters.JUnitReportReporter -->
<testsuite hostname="ChaituPC" failures="0" tests="1" name="com.TestNGBased.Scripts.RetailApplication" time="22.788" errors="0" timestamp="2023-02-13T22:38:00 IST" skipped="0">
  <testcase classname="com.TestNGBased.Scripts.RetailApplication" name="LoginToApp" time="22.788"/>
  <system-out/>
</testsuite> <!-- com.TestNGBased.Scripts.RetailApplication -->
