<?xml version="1.0" encoding="UTF-8"?>
<!-- Generated by org.testng.reporters.JUnitReportReporter -->
<testsuite hostname="ChaituPC" failures="0" tests="4" name="com.TestNGBased.Scripts.GroupsInTestNg" time="27.108" errors="0" timestamp="2023-06-20T16:10:01 IST" skipped="0">
  <testcase classname="com.TestNGBased.Scripts.GroupsInTestNg" name="LoginToGoibibo" time="10.379"/>
  <system-out/>
  <testcase classname="com.TestNGBased.Scripts.GroupsInTestNg" name="LoginToYaatra" time="4.087"/>
  <system-out/>
  <testcase classname="com.TestNGBased.Scripts.GroupsInTestNg" name="LoginToApp" time="4.115"/>
  <system-out/>
  <testcase classname="com.TestNGBased.Scripts.GroupsInTestNg" name="LoginToMMT" time="8.527"/>
  <system-out/>
</testsuite> <!-- com.TestNGBased.Scripts.GroupsInTestNg -->
