<?xml version="1.0" encoding="UTF-8"?>
<!-- Generated by org.testng.reporters.JUnitReportReporter -->
<testsuite hostname="ChaituPC" failures="0" tests="1" name="com.SeleniumInterview.QA.FetchPageDetails" time="9.930" errors="0" timestamp="2023-03-16T22:04:35 IST" skipped="0">
  <testcase classname="com.SeleniumInterview.QA.FetchPageDetails" name="LaunchingApp" time="9.930"/>
  <system-out/>
</testsuite> <!-- com.SeleniumInterview.QA.FetchPageDetails -->
