<?xml version="1.0" encoding="UTF-8"?>
<!-- Generated by org.testng.reporters.JUnitReportReporter -->
<testsuite hostname="ChaituPC" failures="0" tests="4" name="com.TestNGBased.Scripts.Assignement" time="21.700" errors="0" timestamp="2023-06-14T20:21:53 IST" skipped="0">
  <testcase classname="com.TestNGBased.Scripts.Assignement" name="LoginApp" time="3.932"/>
  <system-out/>
  <testcase classname="com.TestNGBased.Scripts.Assignement" name="SupplierApp" time="3.453"/>
  <system-out/>
  <testcase classname="com.TestNGBased.Scripts.Assignement" name="LaunchSuperAdminApp" time="8.556"/>
  <system-out/>
  <testcase classname="com.TestNGBased.Scripts.Assignement" name="LaunchApp" time="5.759"/>
  <system-out/>
</testsuite> <!-- com.TestNGBased.Scripts.Assignement -->
