<?xml version="1.0" encoding="UTF-8"?>
<!-- Generated by org.testng.reporters.JUnitReportReporter -->
<testsuite hostname="ChaituPC" failures="0" tests="1" name="com.TestNGBased.Scripts.BrokenLinks" time="17.111" errors="0" timestamp="2023-02-16T17:59:54 IST" skipped="0">
  <testcase classname="com.TestNGBased.Scripts.BrokenLinks" name="FetchBrokenLink" time="17.111"/>
  <system-out/>
</testsuite> <!-- com.TestNGBased.Scripts.BrokenLinks -->
