<?xml version="1.0" encoding="UTF-8"?>
<!-- Generated by org.testng.reporters.JUnitReportReporter -->
<testsuite hostname="ChaituPC" failures="0" tests="2" name="com.TestNGBasics.FetchDataFromGuru99" time="12.519" errors="0" timestamp="1 Feb 2023 04:24:21 GMT">
  <testcase classname="com.TestNGBasics.FetchDataFromGuru99" name="LoginToApp" time="5.351"/>
  <testcase classname="com.TestNGBasics.FetchDataFromGuru99" name="LoginToMMT" time="7.168"/>
</testsuite> <!-- com.TestNGBasics.FetchDataFromGuru99 -->
