<?xml version="1.0" encoding="UTF-8"?>
<!-- Generated by org.testng.reporters.JUnitReportReporter -->
<testsuite hostname="ChaituPC" failures="0" tests="1" name="com.SeleniumInterview.QA.AutomationOfApp" time="4.635" errors="0" timestamp="2023-03-07T19:52:22 IST" skipped="0">
  <testcase classname="com.SeleniumInterview.QA.AutomationOfApp" name="LaunchApp" time="4.635"/>
  <system-out/>
</testsuite> <!-- com.SeleniumInterview.QA.AutomationOfApp -->
