<?xml version="1.0" encoding="UTF-8"?>
<!-- Generated by org.testng.reporters.JUnitReportReporter -->
<testsuite hostname="ChaituPC" failures="0" tests="2" name="com.TestNGBased.Scripts.SapientInterview" time="10.411" errors="0" timestamp="2023-02-13T22:38:42 IST" skipped="0">
  <testcase classname="com.TestNGBased.Scripts.SapientInterview" name="LoginToApp" time="4.819"/>
  <system-out/>
  <testcase classname="com.TestNGBased.Scripts.SapientInterview" name="LoginToMMT" time="5.592"/>
  <system-out/>
</testsuite> <!-- com.TestNGBased.Scripts.SapientInterview -->
