<?xml version="1.0" encoding="UTF-8"?>
<!-- Generated by org.testng.reporters.JUnitReportReporter -->
<testsuite hostname="ChaituPC" failures="0" tests="1" name="com.SeleniumInterview.QA.HandleWindow" time="10.642" errors="0" timestamp="2023-03-16T22:23:25 IST" skipped="0">
  <testcase classname="com.SeleniumInterview.QA.HandleWindow" name="LaunchApp" time="10.642"/>
  <system-out/>
</testsuite> <!-- com.SeleniumInterview.QA.HandleWindow -->
