<?xml version="1.0" encoding="UTF-8"?>
<!-- Generated by org.testng.reporters.JUnitReportReporter -->
<testsuite hostname="ChaituPC" failures="0" tests="1" name="module3.TakeScreenShot" time="8.531" errors="0" timestamp="24 Jan 2023 13:11:11 GMT">
  <testcase classname="module3.TakeScreenShot" name="screenshot" time="8.531"/>
</testsuite> <!-- module3.TakeScreenShot -->
