<?xml version="1.0" encoding="UTF-8"?>
<!-- Generated by org.testng.reporters.JUnitReportReporter -->
<testsuite hostname="ChaituPC" failures="0" tests="10" name="com.TestNGBased.Scripts.InvocationCount_Exceptions" time="0.024" errors="0" timestamp="2023-06-13T18:07:33 IST" skipped="0">
  <testcase classname="com.TestNGBased.Scripts.InvocationCount_Exceptions" name="BaseTest" time="0.001"/>
  <system-out/>
  <testcase classname="com.TestNGBased.Scripts.InvocationCount_Exceptions" name="BaseTest" time="0.001"/>
  <system-out/>
  <testcase classname="com.TestNGBased.Scripts.InvocationCount_Exceptions" name="BaseTest" time="0.001"/>
  <system-out/>
  <testcase classname="com.TestNGBased.Scripts.InvocationCount_Exceptions" name="BaseTest" time="0.001"/>
  <system-out/>
  <testcase classname="com.TestNGBased.Scripts.InvocationCount_Exceptions" name="BaseTest" time="0.000"/>
  <system-out/>
  <testcase classname="com.TestNGBased.Scripts.InvocationCount_Exceptions" name="BaseTest" time="0.014"/>
  <system-out/>
  <testcase classname="com.TestNGBased.Scripts.InvocationCount_Exceptions" name="BaseTest" time="0.002"/>
  <system-out/>
  <testcase classname="com.TestNGBased.Scripts.InvocationCount_Exceptions" name="BaseTest" time="0.002"/>
  <system-out/>
  <testcase classname="com.TestNGBased.Scripts.InvocationCount_Exceptions" name="BaseTest" time="0.001"/>
  <system-out/>
  <testcase classname="com.TestNGBased.Scripts.InvocationCount_Exceptions" name="BaseTest" time="0.001"/>
  <system-out/>
</testsuite> <!-- com.TestNGBased.Scripts.InvocationCount_Exceptions -->
