<?xml version="1.0" encoding="UTF-8"?>
<!-- Generated by org.testng.reporters.JUnitReportReporter -->
<testsuite hostname="ChaituPC" failures="0" tests="1" name="module3.Calender" time="6.867" errors="0" timestamp="24 Jan 2023 05:57:39 GMT">
  <testcase classname="module3.Calender" name="ViewCaendar" time="6.867"/>
</testsuite> <!-- module3.Calender -->
