<?xml version="1.0" encoding="UTF-8"?>
<!-- Generated by org.testng.reporters.JUnitReportReporter -->
<testsuite hostname="ChaituPC" failures="0" tests="3" name="com.TestNGBased.Scripts.DataProviderDemo" time="0.010" errors="0" timestamp="2023-06-20T16:14:51 IST" skipped="0">
  <testcase classname="com.TestNGBased.Scripts.DataProviderDemo" name="testMethod" time="0.002"/>
  <system-out/>
  <testcase classname="com.TestNGBased.Scripts.DataProviderDemo" name="testMethod" time="0.001"/>
  <system-out/>
  <testcase classname="com.TestNGBased.Scripts.DataProviderDemo" name="testMethod" time="0.007"/>
  <system-out/>
</testsuite> <!-- com.TestNGBased.Scripts.DataProviderDemo -->
