<?xml version="1.0" encoding="UTF-8"?>
<!-- Generated by org.testng.reporters.JUnitReportReporter -->
<testsuite hostname="ChaituPC" failures="0" tests="1" name="com.BsicsOfSelenium.FetchPageDetailsUsingSelenium" time="9.925" errors="0" timestamp="2023-06-07T16:42:13 IST" skipped="0">
  <testcase classname="com.BsicsOfSelenium.FetchPageDetailsUsingSelenium" name="GetPageDetails" time="9.925"/>
  <system-out/>
</testsuite> <!-- com.BsicsOfSelenium.FetchPageDetailsUsingSelenium -->
