<?xml version="1.0" encoding="UTF-8"?>
<!-- Generated by org.testng.reporters.JUnitReportReporter -->
<testsuite hostname="ChaituPC" failures="0" tests="1" name="com.SeleniumInterview.QA.ClickElement" time="12.626" errors="0" timestamp="2023-03-16T22:01:36 IST" skipped="0">
  <testcase classname="com.SeleniumInterview.QA.ClickElement" name="LaunchApp" time="12.626"/>
  <system-out/>
</testsuite> <!-- com.SeleniumInterview.QA.ClickElement -->
