<?xml version="1.0" encoding="UTF-8"?>
<!-- Generated by org.testng.reporters.JUnitReportReporter -->
<testsuite hostname="ChaituPC" failures="0" tests="4" name="com.TestNGBased.Scripts.TestngGroups" time="28.694" errors="0" timestamp="2023-06-14T17:44:47 IST" skipped="0">
  <testcase classname="com.TestNGBased.Scripts.TestngGroups" name="LoginToGoibibo" time="5.007"/>
  <system-out/>
  <testcase classname="com.TestNGBased.Scripts.TestngGroups" name="LoginToYaatra" time="3.897"/>
  <system-out/>
  <testcase classname="com.TestNGBased.Scripts.TestngGroups" name="LoginToApp" time="3.956"/>
  <system-out/>
  <testcase classname="com.TestNGBased.Scripts.TestngGroups" name="LoginToMMT" time="15.834"/>
  <system-out/>
</testsuite> <!-- com.TestNGBased.Scripts.TestngGroups -->
