<?xml version="1.0" encoding="UTF-8"?>
<!-- Generated by org.testng.reporters.JUnitReportReporter -->
<testsuite hostname="ChaituPC" failures="0" tests="1" name="com.ActionClass.DragAndDrop" time="13.579" errors="0" timestamp="2023-02-22T17:27:15 IST" skipped="0">
  <testcase classname="com.ActionClass.DragAndDrop" name="dragAndDrop" time="13.579"/>
  <system-out/>
</testsuite> <!-- com.ActionClass.DragAndDrop -->
