<?xml version="1.0" encoding="UTF-8"?>
<!-- Generated by org.testng.reporters.JUnitReportReporter -->
<testsuite hostname="ChaituPC" failures="0" tests="2" name="com.TestNGBased.Scripts.FetchDataFromGuru99" time="12.928" errors="0" timestamp="2023-06-20T16:10:01 IST" skipped="0">
  <testcase classname="com.TestNGBased.Scripts.FetchDataFromGuru99" name="LoginToApp" time="7.189"/>
  <system-out/>
  <testcase classname="com.TestNGBased.Scripts.FetchDataFromGuru99" name="LoginToMMT" time="5.739"/>
  <system-out/>
</testsuite> <!-- com.TestNGBased.Scripts.FetchDataFromGuru99 -->
